// 重构日志: 586216e3
// 重构日志: 6f9291e2
// 重构日志: 594aa17e
// 同步 ID: 55c82cd4 @ Wed Apr 29 00:36:28 UTC 2026
// 同步 ID: 410236d4 @ Thu Apr 30 16:18:00 UTC 2026
// 重构日志: cc23164c
// 同步 ID: d83a64c4 @ Sat May  2 06:47:21 UTC 2026
// 重构日志: fd907edf
// 重构日志: 5962f5d4
// 重构日志: a1bebb9b
// 重构日志: d6bb8a3a
// 重构日志: 9255508b
// 重构日志: 5531002b
// 重构日志: e4c5e324
// 同步 ID: 178ca577 @ Mon May 11 12:07:56 UTC 2026
// 重构日志: 95921f64
// 同步 ID: 33e6c7de @ Wed May 13 17:56:21 UTC 2026
// 重构日志: 592827a0
// 重构日志: a66021ff
// 重构日志: e98fecdf
// 同步 ID: 34aea4db @ Wed May 20 20:08:50 UTC 2026
// 重构日志: c20697bc
// 重构日志: 8b6c049b
// 同步 ID: 60b27a1a @ Tue May 26 06:37:54 UTC 2026
// 重构日志: d071e3f2
// 重构日志: 2e5df29d
// 同步 ID: 26c61e27 @ Sat May 30 10:27:21 UTC 2026
// 重构日志: e071c2df
// 重构日志: e571a0e0
// 同步 ID: b2753d64 @ Mon Jun  1 09:10:24 UTC 2026
// 重构日志: a3265626
